<?xml version="1.0" encoding="UTF-8"?>
<!-- Generated by org.testng.reporters.JUnitReportReporter -->
<testsuite hostname="LAPTOP-8QI28HGD" failures="0" tests="2" name="Package1.ContactTest" time="0.013" errors="0" timestamp="2025-07-02T11:22:04 IST" skipped="0">
  <testcase classname="Package1.ContactTest" name="createcontactTest" time="0.011"/>
  <testcase classname="Package1.ContactTest" name="modifycontactTest" time="0.002"/>
</testsuite> <!-- Package1.ContactTest -->
